<?xml version="1.0" encoding="utf-8"?><testsuites name="pytest tests"><testsuite name="pytest" errors="0" failures="0" skipped="0" tests="26" time="4.750" timestamp="2026-05-12T00:45:51.710961+00:00" hostname="agent-env-12282236-dc43-4547-a79c-43761262b29e"><testcase classname="backend.tests.backend_test.TestHealth" name="test_api_root" time="0.255" /><testcase classname="backend.tests.backend_test.TestAuth" name="test_login_success" time="0.277" /><testcase classname="backend.tests.backend_test.TestAuth" name="test_login_invalid_password" time="0.273" /><testcase classname="backend.tests.backend_test.TestAuth" name="test_login_unknown_user" time="0.052" /><testcase classname="backend.tests.backend_test.TestAuth" name="test_me_with_token" time="0.330" /><testcase classname="backend.tests.backend_test.TestAuth" name="test_me_without_token_unauthorized" time="0.116" /><testcase classname="backend.tests.backend_test.TestAuth" name="test_me_with_invalid_token" time="0.142" /><testcase classname="backend.tests.backend_test.TestProfile" name="test_get_profile_public" time="0.057" /><testcase classname="backend.tests.backend_test.TestProfile" name="test_update_profile_requires_auth" time="0.117" /><testcase classname="backend.tests.backend_test.TestProfile" name="test_update_profile_and_verify" time="0.272" /><testcase classname="backend.tests.backend_test.TestCategories" name="test_list_categories_public" time="0.064" /><testcase classname="backend.tests.backend_test.TestCategories" name="test_create_category_unauthorized" time="0.104" /><testcase classname="backend.tests.backend_test.TestCategories" name="test_create_update_delete_category" time="0.640" /><testcase classname="backend.tests.backend_test.TestProjects" name="test_setup_category" time="0.103" /><testcase classname="backend.tests.backend_test.TestProjects" name="test_create_project_unauthorized" time="0.135" /><testcase classname="backend.tests.backend_test.TestProjects" name="test_create_project" time="0.108" /><testcase classname="backend.tests.backend_test.TestProjects" name="test_list_projects_public" time="0.053" /><testcase classname="backend.tests.backend_test.TestProjects" name="test_filter_projects_by_category" time="0.054" /><testcase classname="backend.tests.backend_test.TestProjects" name="test_get_project" time="0.055" /><testcase classname="backend.tests.backend_test.TestProjects" name="test_update_project" time="0.167" /><testcase classname="backend.tests.backend_test.TestProjects" name="test_delete_category_unsets_projects" time="0.246" /><testcase classname="backend.tests.backend_test.TestProjects" name="test_delete_project" time="0.227" /><testcase classname="backend.tests.backend_test.TestContact" name="test_submit_contact_public" time="0.286" /><testcase classname="backend.tests.backend_test.TestContact" name="test_list_messages_requires_auth" time="0.161" /><testcase classname="backend.tests.backend_test.TestContact" name="test_list_messages_admin" time="0.112" /><testcase classname="backend.tests.backend_test.TestContact" name="test_delete_message" time="0.257" /></testsuite></testsuites>